2019-02-17 20:58:18.614  INFO 216 --- [main] com.yumi.mall.MallAdminApplication       : Starting MallAdminApplication on Galaxy with PID 216 (F:\WorkSpace\github\dubbo-yumi\yumi-mall\yumi-mall-admin\target\classes started by yuyang in F:\WorkSpace\github\dubbo-yumi\yumi-mall)
2019-02-17 20:58:18.620 DEBUG 216 --- [main] com.yumi.mall.MallAdminApplication       : Running with Spring Boot v2.0.6.RELEASE, Spring v5.0.10.RELEASE
2019-02-17 20:58:18.622  INFO 216 --- [main] com.yumi.mall.MallAdminApplication       : The following profiles are active: dev
2019-02-17 20:58:18.681  INFO 216 --- [main] ConfigServletWebServerApplicationContext : Refreshing org.springframework.boot.web.servlet.context.AnnotationConfigServletWebServerApplicationContext@d5b810e: startup date [Sun Feb 17 20:58:18 CST 2019]; root of context hierarchy
2019-02-17 20:58:22.302  WARN 216 --- [main] o.m.s.mapper.ClassPathMapperScanner      : No MyBatis mapper was found in '[com.yumi.mall]' package. Please check your configuration.
2019-02-17 20:58:25.364  INFO 216 --- [main] trationDelegate$BeanPostProcessorChecker : Bean 'org.springframework.transaction.annotation.ProxyTransactionManagementConfiguration' of type [org.springframework.transaction.annotation.ProxyTransactionManagementConfiguration$$EnhancerBySpringCGLIB$$319d7548] is not eligible for getting processed by all BeanPostProcessors (for example: not eligible for auto-proxying)
2019-02-17 20:58:25.584  INFO 216 --- [main] trationDelegate$BeanPostProcessorChecker : Bean 'org.springframework.security.config.annotation.configuration.ObjectPostProcessorConfiguration' of type [org.springframework.security.config.annotation.configuration.ObjectPostProcessorConfiguration$$EnhancerBySpringCGLIB$$ca4b3d82] is not eligible for getting processed by all BeanPostProcessors (for example: not eligible for auto-proxying)
2019-02-17 20:58:25.632  INFO 216 --- [main] trationDelegate$BeanPostProcessorChecker : Bean 'objectPostProcessor' of type [org.springframework.security.config.annotation.configuration.AutowireBeanFactoryObjectPostProcessor] is not eligible for getting processed by all BeanPostProcessors (for example: not eligible for auto-proxying)
2019-02-17 20:58:25.643  INFO 216 --- [main] trationDelegate$BeanPostProcessorChecker : Bean 'org.springframework.security.access.expression.method.DefaultMethodSecurityExpressionHandler@4613311f' of type [org.springframework.security.access.expression.method.DefaultMethodSecurityExpressionHandler] is not eligible for getting processed by all BeanPostProcessors (for example: not eligible for auto-proxying)
2019-02-17 20:58:25.688  INFO 216 --- [main] trationDelegate$BeanPostProcessorChecker : Bean 'org.springframework.security.config.annotation.method.configuration.GlobalMethodSecurityConfiguration' of type [org.springframework.security.config.annotation.method.configuration.GlobalMethodSecurityConfiguration$$EnhancerBySpringCGLIB$$ef1fe034] is not eligible for getting processed by all BeanPostProcessors (for example: not eligible for auto-proxying)
2019-02-17 20:58:25.730  INFO 216 --- [main] trationDelegate$BeanPostProcessorChecker : Bean 'methodSecurityMetadataSource' of type [org.springframework.security.access.method.DelegatingMethodSecurityMetadataSource] is not eligible for getting processed by all BeanPostProcessors (for example: not eligible for auto-proxying)
2019-02-17 20:58:27.954  INFO 216 --- [main] o.s.b.w.embedded.tomcat.TomcatWebServer  : Tomcat initialized with port(s): 8080 (http)
2019-02-17 20:58:28.907  INFO 216 --- [main] o.apache.catalina.core.StandardService   : Starting service [Tomcat]
2019-02-17 20:58:28.908  INFO 216 --- [main] org.apache.catalina.core.StandardEngine  : Starting Servlet Engine: Apache Tomcat/8.5.34
2019-02-17 20:58:28.930  INFO 216 --- [localhost-startStop-1] o.a.catalina.core.AprLifecycleListener   : The APR based Apache Tomcat Native library which allows optimal performance in production environments was not found on the java.library.path: [D:\ProgramFiles\Java\jdk1.8.0_05\bin;C:\WINDOWS\Sun\Java\bin;C:\WINDOWS\system32;C:\WINDOWS;C:\ProgramData\Oracle\Java\javapath;F:\ProgramFiles\app\yuyang\product\11.2.0\dbhome_1\bin;C:\Program Files (x86)\Intel\iCLS Client\;C:\Program Files\Intel\iCLS Client\;C:\WINDOWS\system32;C:\WINDOWS;C:\WINDOWS\System32\Wbem;C:\WINDOWS\System32\WindowsPowerShell\v1.0\;C:\Program Files\Intel\Intel(R) Management Engine Components\DAL;C:\Program Files\Intel\Intel(R) Management Engine Components\IPT;C:\Program Files (x86)\Intel\Intel(R) Management Engine Components\DAL;C:\Program Files (x86)\Intel\Intel(R) Management Engine Components\IPT;C:\Program Files\Lenovo\Fingerprint Manager Pro\;C:\ProgramData\Lenovo\ReadyApps;D:\ProgramFiles\Java\jdk1.8.0_05\bin;D:\ProgramFiles\Java\jdk1.8.0_05\jre\bin;D:\ProgramFiles\mysql-5.6.19-winx64\bin;F:\ProgramFiles\apache-maven\bin;D:\ProgramFiles\TortoiseGit\bin;D:\ProgramFiles\Git\cmd;D:\ProgramFiles\nodejs\;F:\ProgramFiles\gradle-4.6\bin;;C:\WINDOWS\System32\OpenSSH\;C:\Program Files\Intel\WiFi\bin\;C:\Program Files\Common Files\Intel\WirelessCommon\;C:\Program Files\Intel\WiFi\bin\;C:\Program Files\Common Files\Intel\WirelessCommon\;C:\Users\yuyang\AppData\Local\Microsoft\WindowsApps;C:\Users\yuyang\AppData\Roaming\npm;C:\Users\yuyang\AppData\Local\atom\bin;%USERPROFILE%\AppData\Local\Microsoft\WindowsApps;;.]
2019-02-17 20:58:29.628  INFO 216 --- [localhost-startStop-1] o.a.c.c.C.[Tomcat].[localhost].[/]       : Initializing Spring embedded WebApplicationContext
2019-02-17 20:58:29.629  INFO 216 --- [localhost-startStop-1] o.s.web.context.ContextLoader            : Root WebApplicationContext: initialization completed in 10948 ms
2019-02-17 20:58:31.673  INFO 216 --- [localhost-startStop-1] c.a.d.s.b.a.DruidDataSourceAutoConfigure : Init DruidDataSource
2019-02-17 20:58:33.103  INFO 216 --- [localhost-startStop-1] com.alibaba.druid.pool.DruidDataSource   : {dataSource-1} inited
2019-02-17 20:58:37.928  INFO 216 --- [localhost-startStop-1] o.s.b.w.servlet.FilterRegistrationBean   : Mapping filter: 'characterEncodingFilter' to: [/*]
2019-02-17 20:58:37.931  INFO 216 --- [localhost-startStop-1] o.s.b.w.servlet.FilterRegistrationBean   : Mapping filter: 'webMvcMetricsFilter' to: [/*]
2019-02-17 20:58:37.932  INFO 216 --- [localhost-startStop-1] o.s.b.w.servlet.FilterRegistrationBean   : Mapping filter: 'hiddenHttpMethodFilter' to: [/*]
2019-02-17 20:58:37.933  INFO 216 --- [localhost-startStop-1] o.s.b.w.servlet.FilterRegistrationBean   : Mapping filter: 'httpPutFormContentFilter' to: [/*]
2019-02-17 20:58:37.934  INFO 216 --- [localhost-startStop-1] o.s.b.w.servlet.FilterRegistrationBean   : Mapping filter: 'requestContextFilter' to: [/*]
2019-02-17 20:58:37.937  INFO 216 --- [localhost-startStop-1] .s.DelegatingFilterProxyRegistrationBean : Mapping filter: 'springSecurityFilterChain' to: [/*]
2019-02-17 20:58:37.938  INFO 216 --- [localhost-startStop-1] o.s.b.w.servlet.FilterRegistrationBean   : Mapping filter: 'httpTraceFilter' to: [/*]
2019-02-17 20:58:37.940  INFO 216 --- [localhost-startStop-1] o.s.b.w.servlet.FilterRegistrationBean   : Mapping filter: 'webStatFilter' to urls: [/*]
2019-02-17 20:58:37.941  INFO 216 --- [localhost-startStop-1] o.s.b.w.servlet.FilterRegistrationBean   : Mapping filter: 'jwtAuthenticationTokenFilter' to: [/*]
2019-02-17 20:58:37.942  INFO 216 --- [localhost-startStop-1] o.s.b.w.servlet.FilterRegistrationBean   : Mapping filter: 'corsFilter' to: [/*]
2019-02-17 20:58:37.943  INFO 216 --- [localhost-startStop-1] o.s.b.w.servlet.ServletRegistrationBean  : Servlet dispatcherServlet mapped to [/]
2019-02-17 20:58:37.949  INFO 216 --- [localhost-startStop-1] o.s.b.w.servlet.ServletRegistrationBean  : Servlet statViewServlet mapped to [/druid/*]
2019-02-17 20:58:38.015 DEBUG 216 --- [localhost-startStop-1] c.y.m.c.JwtAuthenticationTokenFilter     : Initializing filter 'jwtAuthenticationTokenFilter'
2019-02-17 20:58:38.016 DEBUG 216 --- [localhost-startStop-1] c.y.m.c.JwtAuthenticationTokenFilter     : Filter 'jwtAuthenticationTokenFilter' configured successfully
2019-02-17 20:58:40.123  INFO 216 --- [main] s.w.s.m.m.a.RequestMappingHandlerMapping : Mapped "{[/admin/register],methods=[POST]}" onto public java.lang.Object com.yumi.mall.controller.UmsAdminController.register(com.yumi.mall.dto.UmsAdminParam,org.springframework.validation.BindingResult)
2019-02-17 20:58:40.127  INFO 216 --- [main] s.w.s.m.m.a.RequestMappingHandlerMapping : Mapped "{[/admin/update/{id}],methods=[POST]}" onto public java.lang.Object com.yumi.mall.controller.UmsAdminController.update(java.lang.Long,com.yumi.mall.domain.UmsAdmin)
2019-02-17 20:58:40.128  INFO 216 --- [main] s.w.s.m.m.a.RequestMappingHandlerMapping : Mapped "{[/admin/delete/{id}],methods=[POST]}" onto public java.lang.Object com.yumi.mall.controller.UmsAdminController.delete(java.lang.Long)
2019-02-17 20:58:40.129  INFO 216 --- [main] s.w.s.m.m.a.RequestMappingHandlerMapping : Mapped "{[/admin/list],methods=[GET]}" onto public java.lang.Object com.yumi.mall.controller.UmsAdminController.list(java.lang.String,java.lang.Integer,java.lang.Integer)
2019-02-17 20:58:40.130  INFO 216 --- [main] s.w.s.m.m.a.RequestMappingHandlerMapping : Mapped "{[/admin/{id}],methods=[GET]}" onto public java.lang.Object com.yumi.mall.controller.UmsAdminController.getItem(java.lang.Long)
2019-02-17 20:58:40.131  INFO 216 --- [main] s.w.s.m.m.a.RequestMappingHandlerMapping : Mapped "{[/admin/permission/{adminId}],methods=[GET]}" onto public java.lang.Object com.yumi.mall.controller.UmsAdminController.getPermissionList(java.lang.Long)
2019-02-17 20:58:40.135  INFO 216 --- [main] s.w.s.m.m.a.RequestMappingHandlerMapping : Mapped "{[/admin/logout],methods=[POST]}" onto public java.lang.Object com.yumi.mall.controller.UmsAdminController.logout()
2019-02-17 20:58:40.136  INFO 216 --- [main] s.w.s.m.m.a.RequestMappingHandlerMapping : Mapped "{[/admin/token/refresh],methods=[GET]}" onto public java.lang.Object com.yumi.mall.controller.UmsAdminController.refreshToken(javax.servlet.http.HttpServletRequest)
2019-02-17 20:58:40.138  INFO 216 --- [main] s.w.s.m.m.a.RequestMappingHandlerMapping : Mapped "{[/admin/login],methods=[POST]}" onto public java.lang.Object com.yumi.mall.controller.UmsAdminController.login(com.yumi.mall.dto.UmsAdminLoginParam,org.springframework.validation.BindingResult)
2019-02-17 20:58:40.140  INFO 216 --- [main] s.w.s.m.m.a.RequestMappingHandlerMapping : Mapped "{[/admin/role/{adminId}],methods=[GET]}" onto public java.lang.Object com.yumi.mall.controller.UmsAdminController.getRoleList(java.lang.Long)
2019-02-17 20:58:40.142  INFO 216 --- [main] s.w.s.m.m.a.RequestMappingHandlerMapping : Mapped "{[/admin/role/update],methods=[POST]}" onto public java.lang.Object com.yumi.mall.controller.UmsAdminController.updateRole(java.lang.Long,java.util.List<java.lang.Long>)
2019-02-17 20:58:40.144  INFO 216 --- [main] s.w.s.m.m.a.RequestMappingHandlerMapping : Mapped "{[/admin/permission/update],methods=[POST]}" onto public java.lang.Object com.yumi.mall.controller.UmsAdminController.updatePermission(java.lang.Long,java.util.List<java.lang.Long>)
2019-02-17 20:58:40.146  INFO 216 --- [main] s.w.s.m.m.a.RequestMappingHandlerMapping : Mapped "{[/admin/info],methods=[GET]}" onto public java.lang.Object com.yumi.mall.controller.UmsAdminController.getAdminInfo(java.security.Principal)
2019-02-17 20:58:40.154  INFO 216 --- [main] s.w.s.m.m.a.RequestMappingHandlerMapping : Mapped "{[/permission/update/{id}],methods=[POST]}" onto public java.lang.Object com.yumi.mall.controller.UmsPermissionController.update(java.lang.Long,com.yumi.mall.domain.UmsPermission)
2019-02-17 20:58:40.156  INFO 216 --- [main] s.w.s.m.m.a.RequestMappingHandlerMapping : Mapped "{[/permission/delete],methods=[POST]}" onto public java.lang.Object com.yumi.mall.controller.UmsPermissionController.delete(java.util.List<java.lang.Long>)
2019-02-17 20:58:40.157  INFO 216 --- [main] s.w.s.m.m.a.RequestMappingHandlerMapping : Mapped "{[/permission/list],methods=[GET]}" onto public java.lang.Object com.yumi.mall.controller.UmsPermissionController.list()
2019-02-17 20:58:40.159  INFO 216 --- [main] s.w.s.m.m.a.RequestMappingHandlerMapping : Mapped "{[/permission/create],methods=[POST]}" onto public java.lang.Object com.yumi.mall.controller.UmsPermissionController.create(com.yumi.mall.domain.UmsPermission)
2019-02-17 20:58:40.160  INFO 216 --- [main] s.w.s.m.m.a.RequestMappingHandlerMapping : Mapped "{[/permission/treeList],methods=[GET]}" onto public java.lang.Object com.yumi.mall.controller.UmsPermissionController.treeList()
2019-02-17 20:58:40.168  INFO 216 --- [main] s.w.s.m.m.a.RequestMappingHandlerMapping : Mapped "{[/role/update/{id}],methods=[POST]}" onto public java.lang.Object com.yumi.mall.controller.UmsRoleController.update(java.lang.Long,com.yumi.mall.domain.UmsRole)
2019-02-17 20:58:40.170  INFO 216 --- [main] s.w.s.m.m.a.RequestMappingHandlerMapping : Mapped "{[/role/delete],methods=[POST]}" onto public java.lang.Object com.yumi.mall.controller.UmsRoleController.delete(java.util.List<java.lang.Long>)
2019-02-17 20:58:40.172  INFO 216 --- [main] s.w.s.m.m.a.RequestMappingHandlerMapping : Mapped "{[/role/list],methods=[GET]}" onto public java.lang.Object com.yumi.mall.controller.UmsRoleController.list()
2019-02-17 20:58:40.173  INFO 216 --- [main] s.w.s.m.m.a.RequestMappingHandlerMapping : Mapped "{[/role/create],methods=[POST]}" onto public java.lang.Object com.yumi.mall.controller.UmsRoleController.create(com.yumi.mall.domain.UmsRole)
2019-02-17 20:58:40.181  INFO 216 --- [main] s.w.s.m.m.a.RequestMappingHandlerMapping : Mapped "{[/role/permission/{roleId}],methods=[GET]}" onto public java.lang.Object com.yumi.mall.controller.UmsRoleController.getPermissionList(java.lang.Long)
2019-02-17 20:58:40.184  INFO 216 --- [main] s.w.s.m.m.a.RequestMappingHandlerMapping : Mapped "{[/role/permission/update],methods=[POST]}" onto public java.lang.Object com.yumi.mall.controller.UmsRoleController.updatePermission(java.lang.Long,java.util.List<java.lang.Long>)
2019-02-17 20:58:40.207  INFO 216 --- [main] s.w.s.m.m.a.RequestMappingHandlerMapping : Mapped "{[/swagger-resources/configuration/security]}" onto public org.springframework.http.ResponseEntity<springfox.documentation.swagger.web.SecurityConfiguration> springfox.documentation.swagger.web.ApiResourceController.securityConfiguration()
2019-02-17 20:58:40.211  INFO 216 --- [main] s.w.s.m.m.a.RequestMappingHandlerMapping : Mapped "{[/swagger-resources]}" onto public org.springframework.http.ResponseEntity<java.util.List<springfox.documentation.swagger.web.SwaggerResource>> springfox.documentation.swagger.web.ApiResourceController.swaggerResources()
2019-02-17 20:58:40.216  INFO 216 --- [main] s.w.s.m.m.a.RequestMappingHandlerMapping : Mapped "{[/swagger-resources/configuration/ui]}" onto public org.springframework.http.ResponseEntity<springfox.documentation.swagger.web.UiConfiguration> springfox.documentation.swagger.web.ApiResourceController.uiConfiguration()
2019-02-17 20:58:40.231  INFO 216 --- [main] s.w.s.m.m.a.RequestMappingHandlerMapping : Mapped "{[/error]}" onto public org.springframework.http.ResponseEntity<java.util.Map<java.lang.String, java.lang.Object>> org.springframework.boot.autoconfigure.web.servlet.error.BasicErrorController.error(javax.servlet.http.HttpServletRequest)
2019-02-17 20:58:40.234  INFO 216 --- [main] s.w.s.m.m.a.RequestMappingHandlerMapping : Mapped "{[/error],produces=[text/html]}" onto public org.springframework.web.servlet.ModelAndView org.springframework.boot.autoconfigure.web.servlet.error.BasicErrorController.errorHtml(javax.servlet.http.HttpServletRequest,javax.servlet.http.HttpServletResponse)
2019-02-17 20:58:40.673  INFO 216 --- [main] o.s.b.a.e.web.EndpointLinksResolver      : Exposing 2 endpoint(s) beneath base path '/actuator'
2019-02-17 20:58:40.727  INFO 216 --- [main] s.b.a.e.w.s.WebMvcEndpointHandlerMapping : Mapped "{[/actuator/health],methods=[GET],produces=[application/vnd.spring-boot.actuator.v2+json || application/json]}" onto public java.lang.Object org.springframework.boot.actuate.endpoint.web.servlet.AbstractWebMvcEndpointHandlerMapping$OperationHandler.handle(javax.servlet.http.HttpServletRequest,java.util.Map<java.lang.String, java.lang.String>)
2019-02-17 20:58:40.732  INFO 216 --- [main] s.b.a.e.w.s.WebMvcEndpointHandlerMapping : Mapped "{[/actuator/info],methods=[GET],produces=[application/vnd.spring-boot.actuator.v2+json || application/json]}" onto public java.lang.Object org.springframework.boot.actuate.endpoint.web.servlet.AbstractWebMvcEndpointHandlerMapping$OperationHandler.handle(javax.servlet.http.HttpServletRequest,java.util.Map<java.lang.String, java.lang.String>)
2019-02-17 20:58:40.735  INFO 216 --- [main] s.b.a.e.w.s.WebMvcEndpointHandlerMapping : Mapped "{[/actuator],methods=[GET],produces=[application/vnd.spring-boot.actuator.v2+json || application/json]}" onto protected java.util.Map<java.lang.String, java.util.Map<java.lang.String, org.springframework.boot.actuate.endpoint.web.Link>> org.springframework.boot.actuate.endpoint.web.servlet.WebMvcEndpointHandlerMapping.links(javax.servlet.http.HttpServletRequest,javax.servlet.http.HttpServletResponse)
2019-02-17 20:58:42.391  INFO 216 --- [main] o.s.s.web.DefaultSecurityFilterChain     : Creating filter chain: org.springframework.security.web.util.matcher.AnyRequestMatcher@1, [org.springframework.security.web.context.request.async.WebAsyncManagerIntegrationFilter@68c9e023, org.springframework.security.web.context.SecurityContextPersistenceFilter@33188612, org.springframework.security.web.header.HeaderWriterFilter@7b2ccba5, org.springframework.security.web.authentication.logout.LogoutFilter@661fe025, com.yumi.mall.component.JwtAuthenticationTokenFilter@36211f11, org.springframework.security.web.savedrequest.RequestCacheAwareFilter@6ccac6f4, org.springframework.security.web.servletapi.SecurityContextHolderAwareRequestFilter@1f95881a, org.springframework.security.web.authentication.AnonymousAuthenticationFilter@1624775, org.springframework.security.web.session.SessionManagementFilter@42d6c12d, org.springframework.security.web.access.ExceptionTranslationFilter@53d9826f, org.springframework.security.web.access.intercept.FilterSecurityInterceptor@5995851e]
2019-02-17 20:58:42.716  INFO 216 --- [main] pertySourcedRequestMappingHandlerMapping : Mapped URL path [/v2/api-docs] onto method [public org.springframework.http.ResponseEntity<springfox.documentation.spring.web.json.Json> springfox.documentation.swagger2.web.Swagger2Controller.getDocumentation(java.lang.String,javax.servlet.http.HttpServletRequest)]
2019-02-17 20:58:43.191  INFO 216 --- [main] o.s.w.s.handler.SimpleUrlHandlerMapping  : Mapped URL path [/**/favicon.ico] onto handler of type [class org.springframework.web.servlet.resource.ResourceHttpRequestHandler]
2019-02-17 20:58:43.960  INFO 216 --- [main] s.w.s.m.m.a.RequestMappingHandlerAdapter : Looking for @ControllerAdvice: org.springframework.boot.web.servlet.context.AnnotationConfigServletWebServerApplicationContext@d5b810e: startup date [Sun Feb 17 20:58:18 CST 2019]; root of context hierarchy
2019-02-17 20:58:44.271  INFO 216 --- [main] o.s.w.s.handler.SimpleUrlHandlerMapping  : Mapped URL path [/webjars/**] onto handler of type [class org.springframework.web.servlet.resource.ResourceHttpRequestHandler]
2019-02-17 20:58:44.272  INFO 216 --- [main] o.s.w.s.handler.SimpleUrlHandlerMapping  : Mapped URL path [/**] onto handler of type [class org.springframework.web.servlet.resource.ResourceHttpRequestHandler]
2019-02-17 20:58:44.589  INFO 216 --- [main] t.m.m.autoconfigure.MapperCacheDisabler  : Clear tk.mybatis.mapper.util.MsUtil CLASS_CACHE cache.
2019-02-17 20:58:44.592  INFO 216 --- [main] t.m.m.autoconfigure.MapperCacheDisabler  : Clear tk.mybatis.mapper.genid.GenIdUtil CACHE cache.
2019-02-17 20:58:44.594  INFO 216 --- [main] t.m.m.autoconfigure.MapperCacheDisabler  : Clear tk.mybatis.mapper.version.VersionUtil CACHE cache.
2019-02-17 20:58:44.595  INFO 216 --- [main] t.m.m.autoconfigure.MapperCacheDisabler  : Clear EntityHelper entityTableMap cache.
2019-02-17 20:58:46.295  INFO 216 --- [main] o.s.j.e.a.AnnotationMBeanExporter        : Registering beans for JMX exposure on startup
2019-02-17 20:58:46.304  INFO 216 --- [main] o.s.j.e.a.AnnotationMBeanExporter        : Bean with name 'statFilter' has been autodetected for JMX exposure
2019-02-17 20:58:46.305  INFO 216 --- [main] o.s.j.e.a.AnnotationMBeanExporter        : Bean with name 'dataSource' has been autodetected for JMX exposure
2019-02-17 20:58:46.335  INFO 216 --- [main] o.s.j.e.a.AnnotationMBeanExporter        : Located MBean 'dataSource': registering with JMX server as MBean [com.alibaba.druid.spring.boot.autoconfigure:name=dataSource,type=DruidDataSourceWrapper]
2019-02-17 20:58:46.341  INFO 216 --- [main] o.s.j.e.a.AnnotationMBeanExporter        : Located MBean 'statFilter': registering with JMX server as MBean [com.alibaba.druid.filter.stat:name=statFilter,type=StatFilter]
2019-02-17 20:58:46.365  INFO 216 --- [main] o.s.c.support.DefaultLifecycleProcessor  : Starting beans in phase 2147483647
2019-02-17 20:58:46.366  INFO 216 --- [main] d.s.w.p.DocumentationPluginsBootstrapper : Context refreshed
2019-02-17 20:58:46.445  INFO 216 --- [main] d.s.w.p.DocumentationPluginsBootstrapper : Found 1 custom documentation plugin(s)
2019-02-17 20:58:46.635  INFO 216 --- [main] s.d.s.w.s.ApiListingReferenceScanner     : Scanning for api listing references
2019-02-17 20:58:47.501  INFO 216 --- [main] .d.s.w.r.o.CachingOperationNameGenerator : Generating unique operation named: deleteUsingPOST_1
2019-02-17 20:58:47.505  INFO 216 --- [main] .d.s.w.r.o.CachingOperationNameGenerator : Generating unique operation named: listUsingGET_1
2019-02-17 20:58:47.520  INFO 216 --- [main] .d.s.w.r.o.CachingOperationNameGenerator : Generating unique operation named: updateUsingPOST_1
2019-02-17 20:58:47.547  INFO 216 --- [main] .d.s.w.r.o.CachingOperationNameGenerator : Generating unique operation named: createUsingPOST_1
2019-02-17 20:58:47.555  INFO 216 --- [main] .d.s.w.r.o.CachingOperationNameGenerator : Generating unique operation named: deleteUsingPOST_2
2019-02-17 20:58:47.563  INFO 216 --- [main] .d.s.w.r.o.CachingOperationNameGenerator : Generating unique operation named: getPermissionListUsingGET_1
2019-02-17 20:58:47.569  INFO 216 --- [main] .d.s.w.r.o.CachingOperationNameGenerator : Generating unique operation named: listUsingGET_2
2019-02-17 20:58:47.582  INFO 216 --- [main] .d.s.w.r.o.CachingOperationNameGenerator : Generating unique operation named: updateUsingPOST_2
2019-02-17 20:58:47.592  INFO 216 --- [main] .d.s.w.r.o.CachingOperationNameGenerator : Generating unique operation named: updatePermissionUsingPOST_1
2019-02-17 20:58:47.826  INFO 216 --- [main] o.s.b.w.embedded.tomcat.TomcatWebServer  : Tomcat started on port(s): 8080 (http) with context path ''
2019-02-17 20:58:47.849  INFO 216 --- [main] com.yumi.mall.MallAdminApplication       : Started MallAdminApplication in 31.141 seconds (JVM running for 33.646)
2019-02-17 21:00:19.396  INFO 216 --- [http-nio-8080-exec-2] o.a.c.c.C.[Tomcat].[localhost].[/]       : Initializing Spring FrameworkServlet 'dispatcherServlet'
2019-02-17 21:00:19.416  INFO 216 --- [http-nio-8080-exec-2] o.s.web.servlet.DispatcherServlet        : FrameworkServlet 'dispatcherServlet': initialization started
2019-02-17 21:00:19.578  INFO 216 --- [http-nio-8080-exec-2] o.s.web.servlet.DispatcherServlet        : FrameworkServlet 'dispatcherServlet': initialization completed in 161 ms
2019-02-17 21:00:21.537 DEBUG 216 --- [http-nio-8080-exec-2] c.y.m.m.UmsAdminMapper.selectByExample   : ==>  Preparing: SELECT id,username,password,icon,email,nick_name,note,create_time,login_time,status FROM ums_admin WHERE ( ( username = ? ) ) 
2019-02-17 21:00:21.677 DEBUG 216 --- [http-nio-8080-exec-2] c.y.m.m.UmsAdminMapper.selectByExample   : ==> Parameters: admin(String)
2019-02-17 21:00:21.806 DEBUG 216 --- [http-nio-8080-exec-2] c.y.m.m.UmsAdminMapper.selectByExample   : <==      Total: 1
2019-02-17 21:00:21.826 DEBUG 216 --- [http-nio-8080-exec-2] c.y.m.d.U.getPermissionList              : ==>  Preparing: SELECT p.* FROM ums_admin_role_relation ar LEFT JOIN ums_role r ON ar.role_id = r.id LEFT JOIN ums_role_permission_relation rp ON r.id = rp.role_id LEFT JOIN ums_permission p ON rp.permission_id = p.id WHERE ar.admin_id = ? AND p.id IS NOT NULL AND p.id NOT IN ( SELECT p.id FROM ums_admin_permission_relation pr LEFT JOIN ums_permission p ON pr.permission_id = p.id WHERE pr.type = - 1 AND pr.admin_id = ? ) UNION SELECT p.* FROM ums_admin_permission_relation pr LEFT JOIN ums_permission p ON pr.permission_id = p.id WHERE pr.type = 1 AND pr.admin_id = ? 
2019-02-17 21:00:21.831 DEBUG 216 --- [http-nio-8080-exec-2] c.y.m.d.U.getPermissionList              : ==> Parameters: 3(Long), 3(Long), 3(Long)
2019-02-17 21:00:21.865 DEBUG 216 --- [http-nio-8080-exec-2] c.y.m.d.U.getPermissionList              : <==      Total: 13
2019-02-17 21:00:22.108 DEBUG 216 --- [http-nio-8080-exec-2] c.y.m.m.UmsAdminMapper.selectByExample   : ==>  Preparing: SELECT id,username,password,icon,email,nick_name,note,create_time,login_time,status FROM ums_admin WHERE ( ( username = ? ) ) 
2019-02-17 21:00:22.108 DEBUG 216 --- [http-nio-8080-exec-2] c.y.m.m.UmsAdminMapper.selectByExample   : ==> Parameters: admin(String)
2019-02-17 21:00:22.111 DEBUG 216 --- [http-nio-8080-exec-2] c.y.m.m.UmsAdminMapper.selectByExample   : <==      Total: 1
2019-02-17 21:00:22.113 DEBUG 216 --- [http-nio-8080-exec-2] c.y.m.d.U.getPermissionList              : ==>  Preparing: SELECT p.* FROM ums_admin_role_relation ar LEFT JOIN ums_role r ON ar.role_id = r.id LEFT JOIN ums_role_permission_relation rp ON r.id = rp.role_id LEFT JOIN ums_permission p ON rp.permission_id = p.id WHERE ar.admin_id = ? AND p.id IS NOT NULL AND p.id NOT IN ( SELECT p.id FROM ums_admin_permission_relation pr LEFT JOIN ums_permission p ON pr.permission_id = p.id WHERE pr.type = - 1 AND pr.admin_id = ? ) UNION SELECT p.* FROM ums_admin_permission_relation pr LEFT JOIN ums_permission p ON pr.permission_id = p.id WHERE pr.type = 1 AND pr.admin_id = ? 
2019-02-17 21:00:22.113 DEBUG 216 --- [http-nio-8080-exec-2] c.y.m.d.U.getPermissionList              : ==> Parameters: 3(Long), 3(Long), 3(Long)
2019-02-17 21:00:22.126 DEBUG 216 --- [http-nio-8080-exec-2] c.y.m.d.U.getPermissionList              : <==      Total: 13
2019-02-17 21:00:22.513 DEBUG 216 --- [http-nio-8080-exec-2] c.y.m.m.U.updateByExampleSelective       : ==>  Preparing: UPDATE ums_admin SET login_time = ? WHERE ( ( username = ? ) ) 
2019-02-17 21:00:22.520 DEBUG 216 --- [http-nio-8080-exec-2] c.y.m.m.U.updateByExampleSelective       : ==> Parameters: 2019-02-17 21:00:22.507(Timestamp), admin(String)
2019-02-17 21:00:22.540 DEBUG 216 --- [http-nio-8080-exec-2] c.y.m.m.U.updateByExampleSelective       : <==    Updates: 1
2019-02-17 21:00:22.542 DEBUG 216 --- [http-nio-8080-exec-2] c.y.m.m.UmsAdminMapper.selectByExample   : ==>  Preparing: SELECT id,username,password,icon,email,nick_name,note,create_time,login_time,status FROM ums_admin WHERE ( ( username = ? ) ) 
2019-02-17 21:00:22.542 DEBUG 216 --- [http-nio-8080-exec-2] c.y.m.m.UmsAdminMapper.selectByExample   : ==> Parameters: admin(String)
2019-02-17 21:00:22.544 DEBUG 216 --- [http-nio-8080-exec-2] c.y.m.m.UmsAdminMapper.selectByExample   : <==      Total: 1
2019-02-17 21:00:22.550 DEBUG 216 --- [http-nio-8080-exec-2] c.y.m.m.UmsAdminLoginLogMapper.insert    : ==>  Preparing: INSERT INTO ums_admin_login_log ( id,admin_id,create_time,ip,address,user_agent ) VALUES( ?,?,?,?,?,? ) 
2019-02-17 21:00:22.552 DEBUG 216 --- [http-nio-8080-exec-2] c.y.m.m.UmsAdminLoginLogMapper.insert    : ==> Parameters: null, 3(Long), 2019-02-17 21:00:22.545(Timestamp), 0:0:0:0:0:0:0:1(String), null, null
2019-02-17 21:00:22.560 DEBUG 216 --- [http-nio-8080-exec-2] c.y.m.m.UmsAdminLoginLogMapper.insert    : <==    Updates: 1
2019-02-17 21:00:22.567 DEBUG 216 --- [http-nio-8080-exec-2] c.y.m.m.U.insert!selectKey               : ==>  Executing: SELECT LAST_INSERT_ID() 
2019-02-17 21:00:22.572 DEBUG 216 --- [http-nio-8080-exec-2] c.y.m.m.U.insert!selectKey               : <==      Total: 1
